<?xml version="1.0" encoding="UTF-8"?>
<!-- Generated by org.testng.reporters.JUnitReportReporter -->
<testsuite hostname="SurajKumarSatya" failures="0" tests="1" name="websitesAutomate.WebsiteAutomate" time="12.531" errors="0" timestamp="2023-10-02T23:47:47 IST" skipped="0">
  <testcase classname="websitesAutomate.WebsiteAutomate" name="websiteAutomateTest" time="12.531"/>
  <system-out/>
</testsuite> <!-- websitesAutomate.WebsiteAutomate -->
